<?xml version="1.0" encoding="UTF-8"?>
<testng-results ignored="0" total="1" passed="1" failed="0" skipped="0">
  <reporter-output>
  </reporter-output>
  <suite started-at="2024-01-07T22:31:55 IST" name="Default suite" finished-at="2024-01-07T22:32:10 IST" duration-ms="14912">
    <groups>
    </groups>
    <test started-at="2024-01-07T22:31:55 IST" name="Default test" finished-at="2024-01-07T22:32:10 IST" duration-ms="14912">
      <class name="test.Logintest">
        <test-method is-config="true" signature="setup()[pri:0, instance:test.Logintest@1623b78d]" started-at="2024-01-07T22:31:55 IST" name="setup" finished-at="2024-01-07T22:32:01 IST" duration-ms="6606" status="PASS">
          <reporter-output>
          </reporter-output>
        </test-method> <!-- setup -->
        <test-method signature="verifylogin()[pri:0, instance:test.Logintest@1623b78d]" started-at="2024-01-07T22:32:01 IST" name="verifylogin" finished-at="2024-01-07T22:32:03 IST" duration-ms="1663" status="PASS">
          <reporter-output>
          </reporter-output>
        </test-method> <!-- verifylogin -->
        <test-method is-config="true" signature="teardown()[pri:0, instance:test.Logintest@1623b78d]" started-at="2024-01-07T22:32:03 IST" name="teardown" finished-at="2024-01-07T22:32:10 IST" duration-ms="6561" status="PASS">
          <reporter-output>
          </reporter-output>
        </test-method> <!-- teardown -->
      </class> <!-- test.Logintest -->
    </test> <!-- Default test -->
  </suite> <!-- Default suite -->
</testng-results>
